<?xml version="1.0" encoding="UTF-8"?>
<Site BuildName="Linux-g++"
	BuildStamp="20240511-2038-Experimental"
	Name="192.168.1.8"
	Generator="ctest-3.28.2"
	CompilerName="/usr/bin/g++"
	CompilerVersion="14.1.1"
	OSName="Linux"
	Hostname="192.168.1.8"
	OSRelease="6.8.9-cb1.0.fc40.x86_64"
	OSVersion="#1 SMP PREEMPT_DYNAMIC Sun May  5 04:20:38 UTC 2024"
	OSPlatform="x86_64"
	Is64Bits="1"
	VendorString="AuthenticAMD"
	VendorID="Advanced Micro Devices"
	FamilyID="25"
	ModelID="33"
	ProcessorCacheSize="512"
	NumberOfLogicalCPU="12"
	NumberOfPhysicalCPU="6"
	TotalVirtualMemory="8191"
	TotalPhysicalMemory="31982"
	LogicalProcessorsPerPhysical="2"
	ProcessorClockFrequency="3610.55"
	>
	<Testing>
		<StartDateTime>May 11 17:38 -03</StartDateTime>
		<StartTestTime>1715459938</StartTestTime>
		<TestList/>
		<EndDateTime>May 11 17:38 -03</EndDateTime>
		<EndTestTime>1715459938</EndTestTime>
		<ElapsedMinutes>0</ElapsedMinutes>
	</Testing>
</Site>
